

Started GET "/" for 127.0.0.1 at 2014-03-12 18:30:19 -0400
Processing by SiteController#index as HTML
  Rendered site/index.html.erb within layouts/application (3.0ms)
Warning. Error encountered while saving cache b3bbd542587c4ce1fe591c771a6ea7626e19a03c/site.css.scssc: can't dump anonymous class #<Class:0x3e85960>
Completed 200 OK in 1113ms (Views: 1090.5ms | ActiveRecord: 0.0ms)


Started GET "/assets/site.css?body=1" for 127.0.0.1 at 2014-03-12 18:30:20 -0400


Started GET "/assets/application.css?body=1" for 127.0.0.1 at 2014-03-12 18:30:20 -0400


Started GET "/assets/jquery.js?body=1" for 127.0.0.1 at 2014-03-12 18:30:20 -0400


Started GET "/assets/jquery_ujs.js?body=1" for 127.0.0.1 at 2014-03-12 18:30:20 -0400


Started GET "/assets/turbolinks.js?body=1" for 127.0.0.1 at 2014-03-12 18:30:20 -0400


Started GET "/assets/application.js?body=1" for 127.0.0.1 at 2014-03-12 18:30:20 -0400


Started GET "/assets/site.js?body=1" for 127.0.0.1 at 2014-03-12 18:30:20 -0400


Started GET "/about" for 127.0.0.1 at 2014-03-12 18:30:25 -0400
Processing by SiteController#about as HTML
  Rendered site/about.html.erb within layouts/application (1.0ms)
Completed 200 OK in 200ms (Views: 6.0ms | ActiveRecord: 0.0ms)


Started GET "/faw" for 127.0.0.1 at 2014-03-12 18:30:28 -0400

ActionController::RoutingError (No route matches [GET] "/faw"):
  actionpack (4.0.2) lib/action_dispatch/middleware/debug_exceptions.rb:21:in `call'
  actionpack (4.0.2) lib/action_dispatch/middleware/show_exceptions.rb:30:in `call'
  railties (4.0.2) lib/rails/rack/logger.rb:38:in `call_app'
  railties (4.0.2) lib/rails/rack/logger.rb:20:in `block in call'
  activesupport (4.0.2) lib/active_support/tagged_logging.rb:67:in `block in tagged'
  activesupport (4.0.2) lib/active_support/tagged_logging.rb:25:in `tagged'
  activesupport (4.0.2) lib/active_support/tagged_logging.rb:67:in `tagged'
  railties (4.0.2) lib/rails/rack/logger.rb:20:in `call'
  actionpack (4.0.2) lib/action_dispatch/middleware/request_id.rb:21:in `call'
  rack (1.5.2) lib/rack/methodoverride.rb:21:in `call'
  rack (1.5.2) lib/rack/runtime.rb:17:in `call'
  activesupport (4.0.2) lib/active_support/cache/strategy/local_cache.rb:83:in `call'
  rack (1.5.2) lib/rack/lock.rb:17:in `call'
  actionpack (4.0.2) lib/action_dispatch/middleware/static.rb:64:in `call'
  rack (1.5.2) lib/rack/sendfile.rb:112:in `call'
  railties (4.0.2) lib/rails/engine.rb:511:in `call'
  railties (4.0.2) lib/rails/application.rb:97:in `call'
  rack (1.5.2) lib/rack/lock.rb:17:in `call'
  rack (1.5.2) lib/rack/content_length.rb:14:in `call'
  rack (1.5.2) lib/rack/handler/webrick.rb:60:in `service'
  C:/Ruby193/lib/ruby/1.9.1/webrick/httpserver.rb:138:in `service'
  C:/Ruby193/lib/ruby/1.9.1/webrick/httpserver.rb:94:in `run'
  C:/Ruby193/lib/ruby/1.9.1/webrick/server.rb:191:in `block in start_thread'


  Rendered C:/Ruby193/lib/ruby/gems/1.9.1/gems/actionpack-4.0.2/lib/action_dispatch/middleware/templates/rescues/_trace.erb (1.0ms)
  Rendered C:/Ruby193/lib/ruby/gems/1.9.1/gems/actionpack-4.0.2/lib/action_dispatch/middleware/templates/routes/_route.html.erb (0.0ms)
  Rendered C:/Ruby193/lib/ruby/gems/1.9.1/gems/actionpack-4.0.2/lib/action_dispatch/middleware/templates/routes/_table.html.erb (10.1ms)
  Rendered C:/Ruby193/lib/ruby/gems/1.9.1/gems/actionpack-4.0.2/lib/action_dispatch/middleware/templates/rescues/routing_error.erb within rescues/layout (48.0ms)


Started GET "/faq" for 127.0.0.1 at 2014-03-12 18:30:31 -0400
Processing by SiteController#faq as HTML
  Rendered site/faq.html.erb within layouts/application (0.0ms)
Completed 200 OK in 6ms (Views: 5.0ms | ActiveRecord: 0.0ms)


Started GET "/faq" for 127.0.0.1 at 2014-03-12 18:39:09 -0400
Processing by SiteController#faq as HTML
  Rendered site/faq.html.erb within layouts/application (0.0ms)
Completed 500 Internal Server Error in 29ms

ActionView::Template::Error (Missing partial site/nav, application/nav with {:locale=>[:en], :formats=>[:html], :handlers=>[:erb, :builder, :raw, :ruby, :jbuilder, :coffee]}. Searched in:
  * "C:/Users/sapslaj/Desktop/bitcloud/app/views"
):
    42: </head>
    43: <body>
    44: 
    45: <%= render 'nav' %>
    46: 
    47: <%= yield %>
    48: 
  app/views/layouts/application.html.erb:45:in `_app_views_layouts_application_html_erb__805587172_29479500'


  Rendered C:/Ruby193/lib/ruby/gems/1.9.1/gems/actionpack-4.0.2/lib/action_dispatch/middleware/templates/rescues/_trace.erb (2.0ms)
  Rendered C:/Ruby193/lib/ruby/gems/1.9.1/gems/actionpack-4.0.2/lib/action_dispatch/middleware/templates/rescues/_request_and_response.erb (0.0ms)
  Rendered C:/Ruby193/lib/ruby/gems/1.9.1/gems/actionpack-4.0.2/lib/action_dispatch/middleware/templates/rescues/template_error.erb within rescues/layout (21.1ms)


Started GET "/faq" for 127.0.0.1 at 2014-03-12 18:40:14 -0400
Processing by SiteController#faq as HTML
  Rendered site/faq.html.erb within layouts/application (0.0ms)
Completed 500 Internal Server Error in 9ms

ActionView::Template::Error (Missing partial site/nav, application/nav with {:locale=>[:en], :formats=>[:html], :handlers=>[:erb, :builder, :raw, :ruby, :jbuilder, :coffee]}. Searched in:
  * "C:/Users/sapslaj/Desktop/bitcloud/app/views"
):
    42: </head>
    43: <body>
    44: 
    45: <%= render 'nav' %>
    46: 
    47: <%= yield %>
    48: 
  app/views/layouts/application.html.erb:45:in `_app_views_layouts_application_html_erb__805587172_29479500'


  Rendered C:/Ruby193/lib/ruby/gems/1.9.1/gems/actionpack-4.0.2/lib/action_dispatch/middleware/templates/rescues/_trace.erb (1.0ms)
  Rendered C:/Ruby193/lib/ruby/gems/1.9.1/gems/actionpack-4.0.2/lib/action_dispatch/middleware/templates/rescues/_request_and_response.erb (1.0ms)
  Rendered C:/Ruby193/lib/ruby/gems/1.9.1/gems/actionpack-4.0.2/lib/action_dispatch/middleware/templates/rescues/template_error.erb within rescues/layout (20.0ms)


Started GET "/faq" for 127.0.0.1 at 2014-03-12 18:40:25 -0400
Processing by SiteController#faq as HTML
  Rendered site/faq.html.erb within layouts/application (0.0ms)
  Rendered site/_nav.html.erb (0.0ms)
Completed 200 OK in 17ms (Views: 17.0ms | ActiveRecord: 0.0ms)


Started GET "/assets/site.css?body=1" for 127.0.0.1 at 2014-03-12 18:40:25 -0400


Started GET "/assets/application.css?body=1" for 127.0.0.1 at 2014-03-12 18:40:25 -0400


Started GET "/assets/jquery.js?body=1" for 127.0.0.1 at 2014-03-12 18:40:26 -0400


Started GET "/assets/jquery_ujs.js?body=1" for 127.0.0.1 at 2014-03-12 18:40:26 -0400


Started GET "/assets/turbolinks.js?body=1" for 127.0.0.1 at 2014-03-12 18:40:26 -0400


Started GET "/assets/site.js?body=1" for 127.0.0.1 at 2014-03-12 18:40:26 -0400


Started GET "/assets/application.js?body=1" for 127.0.0.1 at 2014-03-12 18:40:26 -0400


Started GET "/javascripts/javascript/jquery.min.js" for 127.0.0.1 at 2014-03-12 18:40:26 -0400

ActionController::RoutingError (No route matches [GET] "/javascripts/javascript/jquery.min.js"):
  actionpack (4.0.2) lib/action_dispatch/middleware/debug_exceptions.rb:21:in `call'
  actionpack (4.0.2) lib/action_dispatch/middleware/show_exceptions.rb:30:in `call'
  railties (4.0.2) lib/rails/rack/logger.rb:38:in `call_app'
  railties (4.0.2) lib/rails/rack/logger.rb:20:in `block in call'
  activesupport (4.0.2) lib/active_support/tagged_logging.rb:67:in `block in tagged'
  activesupport (4.0.2) lib/active_support/tagged_logging.rb:25:in `tagged'
  activesupport (4.0.2) lib/active_support/tagged_logging.rb:67:in `tagged'
  railties (4.0.2) lib/rails/rack/logger.rb:20:in `call'
  actionpack (4.0.2) lib/action_dispatch/middleware/request_id.rb:21:in `call'
  rack (1.5.2) lib/rack/methodoverride.rb:21:in `call'
  rack (1.5.2) lib/rack/runtime.rb:17:in `call'
  activesupport (4.0.2) lib/active_support/cache/strategy/local_cache.rb:83:in `call'
  rack (1.5.2) lib/rack/lock.rb:17:in `call'
  actionpack (4.0.2) lib/action_dispatch/middleware/static.rb:64:in `call'
  rack (1.5.2) lib/rack/sendfile.rb:112:in `call'
  railties (4.0.2) lib/rails/engine.rb:511:in `call'
  railties (4.0.2) lib/rails/application.rb:97:in `call'
  rack (1.5.2) lib/rack/lock.rb:17:in `call'
  rack (1.5.2) lib/rack/content_length.rb:14:in `call'
  rack (1.5.2) lib/rack/handler/webrick.rb:60:in `service'
  C:/Ruby193/lib/ruby/1.9.1/webrick/httpserver.rb:138:in `service'
  C:/Ruby193/lib/ruby/1.9.1/webrick/httpserver.rb:94:in `run'
  C:/Ruby193/lib/ruby/1.9.1/webrick/server.rb:191:in `block in start_thread'


  Rendered C:/Ruby193/lib/ruby/gems/1.9.1/gems/actionpack-4.0.2/lib/action_dispatch/middleware/templates/rescues/_trace.erb (1.0ms)
  Rendered C:/Ruby193/lib/ruby/gems/1.9.1/gems/actionpack-4.0.2/lib/action_dispatch/middleware/templates/routes/_route.html.erb (1.0ms)
  Rendered C:/Ruby193/lib/ruby/gems/1.9.1/gems/actionpack-4.0.2/lib/action_dispatch/middleware/templates/routes/_table.html.erb (1.0ms)
  Rendered C:/Ruby193/lib/ruby/gems/1.9.1/gems/actionpack-4.0.2/lib/action_dispatch/middleware/templates/rescues/routing_error.erb within rescues/layout (36.0ms)


Started GET "/javascripts/javascript/script.js" for 127.0.0.1 at 2014-03-12 18:40:26 -0400

ActionController::RoutingError (No route matches [GET] "/javascripts/javascript/script.js"):
  actionpack (4.0.2) lib/action_dispatch/middleware/debug_exceptions.rb:21:in `call'
  actionpack (4.0.2) lib/action_dispatch/middleware/show_exceptions.rb:30:in `call'
  railties (4.0.2) lib/rails/rack/logger.rb:38:in `call_app'
  railties (4.0.2) lib/rails/rack/logger.rb:20:in `block in call'
  activesupport (4.0.2) lib/active_support/tagged_logging.rb:67:in `block in tagged'
  activesupport (4.0.2) lib/active_support/tagged_logging.rb:25:in `tagged'
  activesupport (4.0.2) lib/active_support/tagged_logging.rb:67:in `tagged'
  railties (4.0.2) lib/rails/rack/logger.rb:20:in `call'
  actionpack (4.0.2) lib/action_dispatch/middleware/request_id.rb:21:in `call'
  rack (1.5.2) lib/rack/methodoverride.rb:21:in `call'
  rack (1.5.2) lib/rack/runtime.rb:17:in `call'
  activesupport (4.0.2) lib/active_support/cache/strategy/local_cache.rb:83:in `call'
  rack (1.5.2) lib/rack/lock.rb:17:in `call'
  actionpack (4.0.2) lib/action_dispatch/middleware/static.rb:64:in `call'
  rack (1.5.2) lib/rack/sendfile.rb:112:in `call'
  railties (4.0.2) lib/rails/engine.rb:511:in `call'
  railties (4.0.2) lib/rails/application.rb:97:in `call'
  rack (1.5.2) lib/rack/lock.rb:17:in `call'
  rack (1.5.2) lib/rack/content_length.rb:14:in `call'
  rack (1.5.2) lib/rack/handler/webrick.rb:60:in `service'
  C:/Ruby193/lib/ruby/1.9.1/webrick/httpserver.rb:138:in `service'
  C:/Ruby193/lib/ruby/1.9.1/webrick/httpserver.rb:94:in `run'
  C:/Ruby193/lib/ruby/1.9.1/webrick/server.rb:191:in `block in start_thread'


  Rendered C:/Ruby193/lib/ruby/gems/1.9.1/gems/actionpack-4.0.2/lib/action_dispatch/middleware/templates/rescues/_trace.erb (1.0ms)
  Rendered C:/Ruby193/lib/ruby/gems/1.9.1/gems/actionpack-4.0.2/lib/action_dispatch/middleware/templates/routes/_route.html.erb (1.0ms)
  Rendered C:/Ruby193/lib/ruby/gems/1.9.1/gems/actionpack-4.0.2/lib/action_dispatch/middleware/templates/routes/_table.html.erb (1.0ms)
  Rendered C:/Ruby193/lib/ruby/gems/1.9.1/gems/actionpack-4.0.2/lib/action_dispatch/middleware/templates/rescues/routing_error.erb within rescues/layout (31.0ms)


Started GET "/img/wiki-ico.png" for 127.0.0.1 at 2014-03-12 18:40:26 -0400

ActionController::RoutingError (No route matches [GET] "/img/wiki-ico.png"):
  actionpack (4.0.2) lib/action_dispatch/middleware/debug_exceptions.rb:21:in `call'
  actionpack (4.0.2) lib/action_dispatch/middleware/show_exceptions.rb:30:in `call'
  railties (4.0.2) lib/rails/rack/logger.rb:38:in `call_app'
  railties (4.0.2) lib/rails/rack/logger.rb:20:in `block in call'
  activesupport (4.0.2) lib/active_support/tagged_logging.rb:67:in `block in tagged'
  activesupport (4.0.2) lib/active_support/tagged_logging.rb:25:in `tagged'
  activesupport (4.0.2) lib/active_support/tagged_logging.rb:67:in `tagged'
  railties (4.0.2) lib/rails/rack/logger.rb:20:in `call'
  actionpack (4.0.2) lib/action_dispatch/middleware/request_id.rb:21:in `call'
  rack (1.5.2) lib/rack/methodoverride.rb:21:in `call'
  rack (1.5.2) lib/rack/runtime.rb:17:in `call'
  activesupport (4.0.2) lib/active_support/cache/strategy/local_cache.rb:83:in `call'
  rack (1.5.2) lib/rack/lock.rb:17:in `call'
  actionpack (4.0.2) lib/action_dispatch/middleware/static.rb:64:in `call'
  rack (1.5.2) lib/rack/sendfile.rb:112:in `call'
  railties (4.0.2) lib/rails/engine.rb:511:in `call'
  railties (4.0.2) lib/rails/application.rb:97:in `call'
  rack (1.5.2) lib/rack/lock.rb:17:in `call'
  rack (1.5.2) lib/rack/content_length.rb:14:in `call'
  rack (1.5.2) lib/rack/handler/webrick.rb:60:in `service'
  C:/Ruby193/lib/ruby/1.9.1/webrick/httpserver.rb:138:in `service'
  C:/Ruby193/lib/ruby/1.9.1/webrick/httpserver.rb:94:in `run'
  C:/Ruby193/lib/ruby/1.9.1/webrick/server.rb:191:in `block in start_thread'


  Rendered C:/Ruby193/lib/ruby/gems/1.9.1/gems/actionpack-4.0.2/lib/action_dispatch/middleware/templates/rescues/_trace.erb (1.1ms)
  Rendered C:/Ruby193/lib/ruby/gems/1.9.1/gems/actionpack-4.0.2/lib/action_dispatch/middleware/templates/routes/_route.html.erb (0.9ms)
  Rendered C:/Ruby193/lib/ruby/gems/1.9.1/gems/actionpack-4.0.2/lib/action_dispatch/middleware/templates/routes/_table.html.erb (1.0ms)
  Rendered C:/Ruby193/lib/ruby/gems/1.9.1/gems/actionpack-4.0.2/lib/action_dispatch/middleware/templates/rescues/routing_error.erb within rescues/layout (34.0ms)


Started GET "/img/coding-ico.png" for 127.0.0.1 at 2014-03-12 18:40:26 -0400

ActionController::RoutingError (No route matches [GET] "/img/coding-ico.png"):
  actionpack (4.0.2) lib/action_dispatch/middleware/debug_exceptions.rb:21:in `call'
  actionpack (4.0.2) lib/action_dispatch/middleware/show_exceptions.rb:30:in `call'
  railties (4.0.2) lib/rails/rack/logger.rb:38:in `call_app'
  railties (4.0.2) lib/rails/rack/logger.rb:20:in `block in call'
  activesupport (4.0.2) lib/active_support/tagged_logging.rb:67:in `block in tagged'
  activesupport (4.0.2) lib/active_support/tagged_logging.rb:25:in `tagged'
  activesupport (4.0.2) lib/active_support/tagged_logging.rb:67:in `tagged'
  railties (4.0.2) lib/rails/rack/logger.rb:20:in `call'
  actionpack (4.0.2) lib/action_dispatch/middleware/request_id.rb:21:in `call'
  rack (1.5.2) lib/rack/methodoverride.rb:21:in `call'
  rack (1.5.2) lib/rack/runtime.rb:17:in `call'
  activesupport (4.0.2) lib/active_support/cache/strategy/local_cache.rb:83:in `call'
  rack (1.5.2) lib/rack/lock.rb:17:in `call'
  actionpack (4.0.2) lib/action_dispatch/middleware/static.rb:64:in `call'
  rack (1.5.2) lib/rack/sendfile.rb:112:in `call'
  railties (4.0.2) lib/rails/engine.rb:511:in `call'
  railties (4.0.2) lib/rails/application.rb:97:in `call'
  rack (1.5.2) lib/rack/lock.rb:17:in `call'
  rack (1.5.2) lib/rack/content_length.rb:14:in `call'
  rack (1.5.2) lib/rack/handler/webrick.rb:60:in `service'
  C:/Ruby193/lib/ruby/1.9.1/webrick/httpserver.rb:138:in `service'
  C:/Ruby193/lib/ruby/1.9.1/webrick/httpserver.rb:94:in `run'
  C:/Ruby193/lib/ruby/1.9.1/webrick/server.rb:191:in `block in start_thread'


  Rendered C:/Ruby193/lib/ruby/gems/1.9.1/gems/actionpack-4.0.2/lib/action_dispatch/middleware/templates/rescues/_trace.erb (1.1ms)
  Rendered C:/Ruby193/lib/ruby/gems/1.9.1/gems/actionpack-4.0.2/lib/action_dispatch/middleware/templates/routes/_route.html.erb (1.0ms)
  Rendered C:/Ruby193/lib/ruby/gems/1.9.1/gems/actionpack-4.0.2/lib/action_dispatch/middleware/templates/routes/_table.html.erb (1.0ms)
  Rendered C:/Ruby193/lib/ruby/gems/1.9.1/gems/actionpack-4.0.2/lib/action_dispatch/middleware/templates/rescues/routing_error.erb within rescues/layout (34.0ms)


Started GET "/img/grid-ico.png" for 127.0.0.1 at 2014-03-12 18:40:26 -0400

ActionController::RoutingError (No route matches [GET] "/img/grid-ico.png"):
  actionpack (4.0.2) lib/action_dispatch/middleware/debug_exceptions.rb:21:in `call'
  actionpack (4.0.2) lib/action_dispatch/middleware/show_exceptions.rb:30:in `call'
  railties (4.0.2) lib/rails/rack/logger.rb:38:in `call_app'
  railties (4.0.2) lib/rails/rack/logger.rb:20:in `block in call'
  activesupport (4.0.2) lib/active_support/tagged_logging.rb:67:in `block in tagged'
  activesupport (4.0.2) lib/active_support/tagged_logging.rb:25:in `tagged'
  activesupport (4.0.2) lib/active_support/tagged_logging.rb:67:in `tagged'
  railties (4.0.2) lib/rails/rack/logger.rb:20:in `call'
  actionpack (4.0.2) lib/action_dispatch/middleware/request_id.rb:21:in `call'
  rack (1.5.2) lib/rack/methodoverride.rb:21:in `call'
  rack (1.5.2) lib/rack/runtime.rb:17:in `call'
  activesupport (4.0.2) lib/active_support/cache/strategy/local_cache.rb:83:in `call'
  rack (1.5.2) lib/rack/lock.rb:17:in `call'
  actionpack (4.0.2) lib/action_dispatch/middleware/static.rb:64:in `call'
  rack (1.5.2) lib/rack/sendfile.rb:112:in `call'
  railties (4.0.2) lib/rails/engine.rb:511:in `call'
  railties (4.0.2) lib/rails/application.rb:97:in `call'
  rack (1.5.2) lib/rack/lock.rb:17:in `call'
  rack (1.5.2) lib/rack/content_length.rb:14:in `call'
  rack (1.5.2) lib/rack/handler/webrick.rb:60:in `service'
  C:/Ruby193/lib/ruby/1.9.1/webrick/httpserver.rb:138:in `service'
  C:/Ruby193/lib/ruby/1.9.1/webrick/httpserver.rb:94:in `run'
  C:/Ruby193/lib/ruby/1.9.1/webrick/server.rb:191:in `block in start_thread'


  Rendered C:/Ruby193/lib/ruby/gems/1.9.1/gems/actionpack-4.0.2/lib/action_dispatch/middleware/templates/rescues/_trace.erb (0.9ms)
  Rendered C:/Ruby193/lib/ruby/gems/1.9.1/gems/actionpack-4.0.2/lib/action_dispatch/middleware/templates/routes/_route.html.erb (0.9ms)
  Rendered C:/Ruby193/lib/ruby/gems/1.9.1/gems/actionpack-4.0.2/lib/action_dispatch/middleware/templates/routes/_table.html.erb (1.0ms)
  Rendered C:/Ruby193/lib/ruby/gems/1.9.1/gems/actionpack-4.0.2/lib/action_dispatch/middleware/templates/rescues/routing_error.erb within rescues/layout (33.0ms)


Started GET "/faq" for 127.0.0.1 at 2014-03-12 18:41:13 -0400
Processing by SiteController#faq as HTML
  Rendered site/faq.html.erb within layouts/application (0.0ms)
  Rendered site/_nav.html.erb (0.0ms)
Completed 200 OK in 17ms (Views: 16.9ms | ActiveRecord: 0.0ms)


Started GET "/assets/application.css?body=1" for 127.0.0.1 at 2014-03-12 18:41:13 -0400


Started GET "/assets/site.css?body=1" for 127.0.0.1 at 2014-03-12 18:41:13 -0400


Started GET "/assets/jquery.js?body=1" for 127.0.0.1 at 2014-03-12 18:41:13 -0400


Started GET "/assets/jquery_ujs.js?body=1" for 127.0.0.1 at 2014-03-12 18:41:13 -0400


Started GET "/assets/turbolinks.js?body=1" for 127.0.0.1 at 2014-03-12 18:41:13 -0400


Started GET "/assets/site.js?body=1" for 127.0.0.1 at 2014-03-12 18:41:13 -0400


Started GET "/javascripts/javascript/jquery.min.js" for 127.0.0.1 at 2014-03-12 18:41:13 -0400

ActionController::RoutingError (No route matches [GET] "/javascripts/javascript/jquery.min.js"):
  actionpack (4.0.2) lib/action_dispatch/middleware/debug_exceptions.rb:21:in `call'
  actionpack (4.0.2) lib/action_dispatch/middleware/show_exceptions.rb:30:in `call'
  railties (4.0.2) lib/rails/rack/logger.rb:38:in `call_app'
  railties (4.0.2) lib/rails/rack/logger.rb:20:in `block in call'
  activesupport (4.0.2) lib/active_support/tagged_logging.rb:67:in `block in tagged'
  activesupport (4.0.2) lib/active_support/tagged_logging.rb:25:in `tagged'
  activesupport (4.0.2) lib/active_support/tagged_logging.rb:67:in `tagged'
  railties (4.0.2) lib/rails/rack/logger.rb:20:in `call'
  actionpack (4.0.2) lib/action_dispatch/middleware/request_id.rb:21:in `call'
  rack (1.5.2) lib/rack/methodoverride.rb:21:in `call'
  rack (1.5.2) lib/rack/runtime.rb:17:in `call'
  activesupport (4.0.2) lib/active_support/cache/strategy/local_cache.rb:83:in `call'
  rack (1.5.2) lib/rack/lock.rb:17:in `call'
  actionpack (4.0.2) lib/action_dispatch/middleware/static.rb:64:in `call'
  rack (1.5.2) lib/rack/sendfile.rb:112:in `call'
  railties (4.0.2) lib/rails/engine.rb:511:in `call'
  railties (4.0.2) lib/rails/application.rb:97:in `call'
  rack (1.5.2) lib/rack/lock.rb:17:in `call'
  rack (1.5.2) lib/rack/content_length.rb:14:in `call'
  rack (1.5.2) lib/rack/handler/webrick.rb:60:in `service'
  C:/Ruby193/lib/ruby/1.9.1/webrick/httpserver.rb:138:in `service'
  C:/Ruby193/lib/ruby/1.9.1/webrick/httpserver.rb:94:in `run'
  C:/Ruby193/lib/ruby/1.9.1/webrick/server.rb:191:in `block in start_thread'


  Rendered C:/Ruby193/lib/ruby/gems/1.9.1/gems/actionpack-4.0.2/lib/action_dispatch/middleware/templates/rescues/_trace.erb (1.0ms)
  Rendered C:/Ruby193/lib/ruby/gems/1.9.1/gems/actionpack-4.0.2/lib/action_dispatch/middleware/templates/routes/_route.html.erb (1.0ms)
  Rendered C:/Ruby193/lib/ruby/gems/1.9.1/gems/actionpack-4.0.2/lib/action_dispatch/middleware/templates/routes/_table.html.erb (1.0ms)
  Rendered C:/Ruby193/lib/ruby/gems/1.9.1/gems/actionpack-4.0.2/lib/action_dispatch/middleware/templates/rescues/routing_error.erb within rescues/layout (36.0ms)


Started GET "/assets/application.js?body=1" for 127.0.0.1 at 2014-03-12 18:41:13 -0400


Started GET "/javascripts/javascript/script.js" for 127.0.0.1 at 2014-03-12 18:41:13 -0400

ActionController::RoutingError (No route matches [GET] "/javascripts/javascript/script.js"):
  actionpack (4.0.2) lib/action_dispatch/middleware/debug_exceptions.rb:21:in `call'
  actionpack (4.0.2) lib/action_dispatch/middleware/show_exceptions.rb:30:in `call'
  railties (4.0.2) lib/rails/rack/logger.rb:38:in `call_app'
  railties (4.0.2) lib/rails/rack/logger.rb:20:in `block in call'
  activesupport (4.0.2) lib/active_support/tagged_logging.rb:67:in `block in tagged'
  activesupport (4.0.2) lib/active_support/tagged_logging.rb:25:in `tagged'
  activesupport (4.0.2) lib/active_support/tagged_logging.rb:67:in `tagged'
  railties (4.0.2) lib/rails/rack/logger.rb:20:in `call'
  actionpack (4.0.2) lib/action_dispatch/middleware/request_id.rb:21:in `call'
  rack (1.5.2) lib/rack/methodoverride.rb:21:in `call'
  rack (1.5.2) lib/rack/runtime.rb:17:in `call'
  activesupport (4.0.2) lib/active_support/cache/strategy/local_cache.rb:83:in `call'
  rack (1.5.2) lib/rack/lock.rb:17:in `call'
  actionpack (4.0.2) lib/action_dispatch/middleware/static.rb:64:in `call'
  rack (1.5.2) lib/rack/sendfile.rb:112:in `call'
  railties (4.0.2) lib/rails/engine.rb:511:in `call'
  railties (4.0.2) lib/rails/application.rb:97:in `call'
  rack (1.5.2) lib/rack/lock.rb:17:in `call'
  rack (1.5.2) lib/rack/content_length.rb:14:in `call'
  rack (1.5.2) lib/rack/handler/webrick.rb:60:in `service'
  C:/Ruby193/lib/ruby/1.9.1/webrick/httpserver.rb:138:in `service'
  C:/Ruby193/lib/ruby/1.9.1/webrick/httpserver.rb:94:in `run'
  C:/Ruby193/lib/ruby/1.9.1/webrick/server.rb:191:in `block in start_thread'


  Rendered C:/Ruby193/lib/ruby/gems/1.9.1/gems/actionpack-4.0.2/lib/action_dispatch/middleware/templates/rescues/_trace.erb (1.0ms)
  Rendered C:/Ruby193/lib/ruby/gems/1.9.1/gems/actionpack-4.0.2/lib/action_dispatch/middleware/templates/routes/_route.html.erb (1.0ms)
  Rendered C:/Ruby193/lib/ruby/gems/1.9.1/gems/actionpack-4.0.2/lib/action_dispatch/middleware/templates/routes/_table.html.erb (1.0ms)
  Rendered C:/Ruby193/lib/ruby/gems/1.9.1/gems/actionpack-4.0.2/lib/action_dispatch/middleware/templates/rescues/routing_error.erb within rescues/layout (45.0ms)


Started GET "/faq" for 127.0.0.1 at 2014-03-12 18:41:15 -0400
Processing by SiteController#faq as HTML
  Rendered site/faq.html.erb within layouts/application (0.0ms)
  Rendered site/_nav.html.erb (0.0ms)
Completed 200 OK in 17ms (Views: 17.0ms | ActiveRecord: 0.0ms)


Started GET "/assets/application.css?body=1" for 127.0.0.1 at 2014-03-12 18:41:15 -0400


Started GET "/assets/site.css?body=1" for 127.0.0.1 at 2014-03-12 18:41:15 -0400


Started GET "/assets/jquery.js?body=1" for 127.0.0.1 at 2014-03-12 18:41:15 -0400


Started GET "/assets/jquery_ujs.js?body=1" for 127.0.0.1 at 2014-03-12 18:41:15 -0400


Started GET "/assets/turbolinks.js?body=1" for 127.0.0.1 at 2014-03-12 18:41:15 -0400


Started GET "/assets/site.js?body=1" for 127.0.0.1 at 2014-03-12 18:41:16 -0400


Started GET "/assets/application.js?body=1" for 127.0.0.1 at 2014-03-12 18:41:16 -0400


Started GET "/javascripts/javascript/jquery.min.js" for 127.0.0.1 at 2014-03-12 18:41:16 -0400

ActionController::RoutingError (No route matches [GET] "/javascripts/javascript/jquery.min.js"):
  actionpack (4.0.2) lib/action_dispatch/middleware/debug_exceptions.rb:21:in `call'
  actionpack (4.0.2) lib/action_dispatch/middleware/show_exceptions.rb:30:in `call'
  railties (4.0.2) lib/rails/rack/logger.rb:38:in `call_app'
  railties (4.0.2) lib/rails/rack/logger.rb:20:in `block in call'
  activesupport (4.0.2) lib/active_support/tagged_logging.rb:67:in `block in tagged'
  activesupport (4.0.2) lib/active_support/tagged_logging.rb:25:in `tagged'
  activesupport (4.0.2) lib/active_support/tagged_logging.rb:67:in `tagged'
  railties (4.0.2) lib/rails/rack/logger.rb:20:in `call'
  actionpack (4.0.2) lib/action_dispatch/middleware/request_id.rb:21:in `call'
  rack (1.5.2) lib/rack/methodoverride.rb:21:in `call'
  rack (1.5.2) lib/rack/runtime.rb:17:in `call'
  activesupport (4.0.2) lib/active_support/cache/strategy/local_cache.rb:83:in `call'
  rack (1.5.2) lib/rack/lock.rb:17:in `call'
  actionpack (4.0.2) lib/action_dispatch/middleware/static.rb:64:in `call'
  rack (1.5.2) lib/rack/sendfile.rb:112:in `call'
  railties (4.0.2) lib/rails/engine.rb:511:in `call'
  railties (4.0.2) lib/rails/application.rb:97:in `call'
  rack (1.5.2) lib/rack/lock.rb:17:in `call'
  rack (1.5.2) lib/rack/content_length.rb:14:in `call'
  rack (1.5.2) lib/rack/handler/webrick.rb:60:in `service'
  C:/Ruby193/lib/ruby/1.9.1/webrick/httpserver.rb:138:in `service'
  C:/Ruby193/lib/ruby/1.9.1/webrick/httpserver.rb:94:in `run'
  C:/Ruby193/lib/ruby/1.9.1/webrick/server.rb:191:in `block in start_thread'


  Rendered C:/Ruby193/lib/ruby/gems/1.9.1/gems/actionpack-4.0.2/lib/action_dispatch/middleware/templates/rescues/_trace.erb (1.0ms)
  Rendered C:/Ruby193/lib/ruby/gems/1.9.1/gems/actionpack-4.0.2/lib/action_dispatch/middleware/templates/routes/_route.html.erb (1.0ms)
  Rendered C:/Ruby193/lib/ruby/gems/1.9.1/gems/actionpack-4.0.2/lib/action_dispatch/middleware/templates/routes/_table.html.erb (1.0ms)
  Rendered C:/Ruby193/lib/ruby/gems/1.9.1/gems/actionpack-4.0.2/lib/action_dispatch/middleware/templates/rescues/routing_error.erb within rescues/layout (44.0ms)


Started GET "/javascripts/javascript/script.js" for 127.0.0.1 at 2014-03-12 18:41:16 -0400

ActionController::RoutingError (No route matches [GET] "/javascripts/javascript/script.js"):
  actionpack (4.0.2) lib/action_dispatch/middleware/debug_exceptions.rb:21:in `call'
  actionpack (4.0.2) lib/action_dispatch/middleware/show_exceptions.rb:30:in `call'
  railties (4.0.2) lib/rails/rack/logger.rb:38:in `call_app'
  railties (4.0.2) lib/rails/rack/logger.rb:20:in `block in call'
  activesupport (4.0.2) lib/active_support/tagged_logging.rb:67:in `block in tagged'
  activesupport (4.0.2) lib/active_support/tagged_logging.rb:25:in `tagged'
  activesupport (4.0.2) lib/active_support/tagged_logging.rb:67:in `tagged'
  railties (4.0.2) lib/rails/rack/logger.rb:20:in `call'
  actionpack (4.0.2) lib/action_dispatch/middleware/request_id.rb:21:in `call'
  rack (1.5.2) lib/rack/methodoverride.rb:21:in `call'
  rack (1.5.2) lib/rack/runtime.rb:17:in `call'
  activesupport (4.0.2) lib/active_support/cache/strategy/local_cache.rb:83:in `call'
  rack (1.5.2) lib/rack/lock.rb:17:in `call'
  actionpack (4.0.2) lib/action_dispatch/middleware/static.rb:64:in `call'
  rack (1.5.2) lib/rack/sendfile.rb:112:in `call'
  railties (4.0.2) lib/rails/engine.rb:511:in `call'
  railties (4.0.2) lib/rails/application.rb:97:in `call'
  rack (1.5.2) lib/rack/lock.rb:17:in `call'
  rack (1.5.2) lib/rack/content_length.rb:14:in `call'
  rack (1.5.2) lib/rack/handler/webrick.rb:60:in `service'
  C:/Ruby193/lib/ruby/1.9.1/webrick/httpserver.rb:138:in `service'
  C:/Ruby193/lib/ruby/1.9.1/webrick/httpserver.rb:94:in `run'
  C:/Ruby193/lib/ruby/1.9.1/webrick/server.rb:191:in `block in start_thread'


  Rendered C:/Ruby193/lib/ruby/gems/1.9.1/gems/actionpack-4.0.2/lib/action_dispatch/middleware/templates/rescues/_trace.erb (1.0ms)
  Rendered C:/Ruby193/lib/ruby/gems/1.9.1/gems/actionpack-4.0.2/lib/action_dispatch/middleware/templates/routes/_route.html.erb (0.0ms)
  Rendered C:/Ruby193/lib/ruby/gems/1.9.1/gems/actionpack-4.0.2/lib/action_dispatch/middleware/templates/routes/_table.html.erb (1.0ms)
  Rendered C:/Ruby193/lib/ruby/gems/1.9.1/gems/actionpack-4.0.2/lib/action_dispatch/middleware/templates/rescues/routing_error.erb within rescues/layout (33.0ms)


Started GET "/faq" for 127.0.0.1 at 2014-03-12 18:42:04 -0400
Processing by SiteController#faq as HTML
  Rendered site/faq.html.erb within layouts/application (0.0ms)
  Rendered site/_nav.html.erb (0.0ms)
Completed 200 OK in 42ms (Views: 41.0ms | ActiveRecord: 0.0ms)


Started GET "/assets/application.css?body=1" for 127.0.0.1 at 2014-03-12 18:42:04 -0400


Started GET "/assets/jquery.js?body=1" for 127.0.0.1 at 2014-03-12 18:42:04 -0400


Started GET "/assets/turbolinks.js?body=1" for 127.0.0.1 at 2014-03-12 18:42:04 -0400


Started GET "/assets/site.css?body=1" for 127.0.0.1 at 2014-03-12 18:42:04 -0400


Started GET "/assets/jquery_ujs.js?body=1" for 127.0.0.1 at 2014-03-12 18:42:04 -0400


Started GET "/assets/site.js?body=1" for 127.0.0.1 at 2014-03-12 18:42:04 -0400


Started GET "/assets/application.js?body=1" for 127.0.0.1 at 2014-03-12 18:42:04 -0400


Started GET "/assets/jquery.min.js?body=1" for 127.0.0.1 at 2014-03-12 18:42:04 -0400


Started GET "/javascripts/script.js" for 127.0.0.1 at 2014-03-12 18:42:04 -0400

ActionController::RoutingError (No route matches [GET] "/javascripts/script.js"):
  actionpack (4.0.2) lib/action_dispatch/middleware/debug_exceptions.rb:21:in `call'
  actionpack (4.0.2) lib/action_dispatch/middleware/show_exceptions.rb:30:in `call'
  railties (4.0.2) lib/rails/rack/logger.rb:38:in `call_app'
  railties (4.0.2) lib/rails/rack/logger.rb:20:in `block in call'
  activesupport (4.0.2) lib/active_support/tagged_logging.rb:67:in `block in tagged'
  activesupport (4.0.2) lib/active_support/tagged_logging.rb:25:in `tagged'
  activesupport (4.0.2) lib/active_support/tagged_logging.rb:67:in `tagged'
  railties (4.0.2) lib/rails/rack/logger.rb:20:in `call'
  actionpack (4.0.2) lib/action_dispatch/middleware/request_id.rb:21:in `call'
  rack (1.5.2) lib/rack/methodoverride.rb:21:in `call'
  rack (1.5.2) lib/rack/runtime.rb:17:in `call'
  activesupport (4.0.2) lib/active_support/cache/strategy/local_cache.rb:83:in `call'
  rack (1.5.2) lib/rack/lock.rb:17:in `call'
  actionpack (4.0.2) lib/action_dispatch/middleware/static.rb:64:in `call'
  rack (1.5.2) lib/rack/sendfile.rb:112:in `call'
  railties (4.0.2) lib/rails/engine.rb:511:in `call'
  railties (4.0.2) lib/rails/application.rb:97:in `call'
  rack (1.5.2) lib/rack/lock.rb:17:in `call'
  rack (1.5.2) lib/rack/content_length.rb:14:in `call'
  rack (1.5.2) lib/rack/handler/webrick.rb:60:in `service'
  C:/Ruby193/lib/ruby/1.9.1/webrick/httpserver.rb:138:in `service'
  C:/Ruby193/lib/ruby/1.9.1/webrick/httpserver.rb:94:in `run'
  C:/Ruby193/lib/ruby/1.9.1/webrick/server.rb:191:in `block in start_thread'


  Rendered C:/Ruby193/lib/ruby/gems/1.9.1/gems/actionpack-4.0.2/lib/action_dispatch/middleware/templates/rescues/_trace.erb (1.0ms)
  Rendered C:/Ruby193/lib/ruby/gems/1.9.1/gems/actionpack-4.0.2/lib/action_dispatch/middleware/templates/routes/_route.html.erb (1.0ms)
  Rendered C:/Ruby193/lib/ruby/gems/1.9.1/gems/actionpack-4.0.2/lib/action_dispatch/middleware/templates/routes/_table.html.erb (1.0ms)
  Rendered C:/Ruby193/lib/ruby/gems/1.9.1/gems/actionpack-4.0.2/lib/action_dispatch/middleware/templates/rescues/routing_error.erb within rescues/layout (32.1ms)


Started GET "/faq" for 127.0.0.1 at 2014-03-12 18:42:05 -0400
Processing by SiteController#faq as HTML
  Rendered site/faq.html.erb within layouts/application (0.0ms)
  Rendered site/_nav.html.erb (0.0ms)
Completed 200 OK in 17ms (Views: 17.0ms | ActiveRecord: 0.0ms)


Started GET "/assets/application.css?body=1" for 127.0.0.1 at 2014-03-12 18:42:06 -0400


Started GET "/assets/site.css?body=1" for 127.0.0.1 at 2014-03-12 18:42:06 -0400


Started GET "/assets/jquery.js?body=1" for 127.0.0.1 at 2014-03-12 18:42:06 -0400


Started GET "/assets/jquery_ujs.js?body=1" for 127.0.0.1 at 2014-03-12 18:42:06 -0400


Started GET "/assets/turbolinks.js?body=1" for 127.0.0.1 at 2014-03-12 18:42:06 -0400


Started GET "/assets/site.js?body=1" for 127.0.0.1 at 2014-03-12 18:42:06 -0400


Started GET "/assets/application.js?body=1" for 127.0.0.1 at 2014-03-12 18:42:06 -0400


Started GET "/assets/jquery.min.js?body=1" for 127.0.0.1 at 2014-03-12 18:42:06 -0400


Started GET "/javascripts/script.js" for 127.0.0.1 at 2014-03-12 18:42:06 -0400

ActionController::RoutingError (No route matches [GET] "/javascripts/script.js"):
  actionpack (4.0.2) lib/action_dispatch/middleware/debug_exceptions.rb:21:in `call'
  actionpack (4.0.2) lib/action_dispatch/middleware/show_exceptions.rb:30:in `call'
  railties (4.0.2) lib/rails/rack/logger.rb:38:in `call_app'
  railties (4.0.2) lib/rails/rack/logger.rb:20:in `block in call'
  activesupport (4.0.2) lib/active_support/tagged_logging.rb:67:in `block in tagged'
  activesupport (4.0.2) lib/active_support/tagged_logging.rb:25:in `tagged'
  activesupport (4.0.2) lib/active_support/tagged_logging.rb:67:in `tagged'
  railties (4.0.2) lib/rails/rack/logger.rb:20:in `call'
  actionpack (4.0.2) lib/action_dispatch/middleware/request_id.rb:21:in `call'
  rack (1.5.2) lib/rack/methodoverride.rb:21:in `call'
  rack (1.5.2) lib/rack/runtime.rb:17:in `call'
  activesupport (4.0.2) lib/active_support/cache/strategy/local_cache.rb:83:in `call'
  rack (1.5.2) lib/rack/lock.rb:17:in `call'
  actionpack (4.0.2) lib/action_dispatch/middleware/static.rb:64:in `call'
  rack (1.5.2) lib/rack/sendfile.rb:112:in `call'
  railties (4.0.2) lib/rails/engine.rb:511:in `call'
  railties (4.0.2) lib/rails/application.rb:97:in `call'
  rack (1.5.2) lib/rack/lock.rb:17:in `call'
  rack (1.5.2) lib/rack/content_length.rb:14:in `call'
  rack (1.5.2) lib/rack/handler/webrick.rb:60:in `service'
  C:/Ruby193/lib/ruby/1.9.1/webrick/httpserver.rb:138:in `service'
  C:/Ruby193/lib/ruby/1.9.1/webrick/httpserver.rb:94:in `run'
  C:/Ruby193/lib/ruby/1.9.1/webrick/server.rb:191:in `block in start_thread'


  Rendered C:/Ruby193/lib/ruby/gems/1.9.1/gems/actionpack-4.0.2/lib/action_dispatch/middleware/templates/rescues/_trace.erb (1.0ms)
  Rendered C:/Ruby193/lib/ruby/gems/1.9.1/gems/actionpack-4.0.2/lib/action_dispatch/middleware/templates/routes/_route.html.erb (1.0ms)
  Rendered C:/Ruby193/lib/ruby/gems/1.9.1/gems/actionpack-4.0.2/lib/action_dispatch/middleware/templates/routes/_table.html.erb (1.0ms)
  Rendered C:/Ruby193/lib/ruby/gems/1.9.1/gems/actionpack-4.0.2/lib/action_dispatch/middleware/templates/rescues/routing_error.erb within rescues/layout (33.0ms)


Started GET "/faq" for 127.0.0.1 at 2014-03-12 18:42:39 -0400
Processing by SiteController#faq as HTML
  Rendered site/faq.html.erb within layouts/application (0.0ms)
  Rendered site/_nav.html.erb (0.0ms)
Completed 200 OK in 16ms (Views: 16.0ms | ActiveRecord: 0.0ms)


Started GET "/assets/application.css?body=1" for 127.0.0.1 at 2014-03-12 18:42:39 -0400


Started GET "/assets/jquery_ujs.js?body=1" for 127.0.0.1 at 2014-03-12 18:42:39 -0400


Started GET "/assets/jquery.js?body=1" for 127.0.0.1 at 2014-03-12 18:42:39 -0400


Started GET "/assets/site.css?body=1" for 127.0.0.1 at 2014-03-12 18:42:39 -0400


Started GET "/assets/turbolinks.js?body=1" for 127.0.0.1 at 2014-03-12 18:42:39 -0400


Started GET "/assets/site.js?body=1" for 127.0.0.1 at 2014-03-12 18:42:39 -0400


Started GET "/assets/application.js?body=1" for 127.0.0.1 at 2014-03-12 18:42:39 -0400


Started GET "/assets/jquery.min.js?body=1" for 127.0.0.1 at 2014-03-12 18:42:39 -0400


Started GET "/faq" for 127.0.0.1 at 2014-03-12 18:42:41 -0400
Processing by SiteController#faq as HTML
  Rendered site/faq.html.erb within layouts/application (0.0ms)
  Rendered site/_nav.html.erb (0.0ms)
Completed 200 OK in 16ms (Views: 16.0ms | ActiveRecord: 0.0ms)


Started GET "/assets/application.css?body=1" for 127.0.0.1 at 2014-03-12 18:42:42 -0400


Started GET "/assets/site.css?body=1" for 127.0.0.1 at 2014-03-12 18:42:42 -0400


Started GET "/assets/jquery.js?body=1" for 127.0.0.1 at 2014-03-12 18:42:42 -0400


Started GET "/assets/jquery_ujs.js?body=1" for 127.0.0.1 at 2014-03-12 18:42:42 -0400


Started GET "/assets/turbolinks.js?body=1" for 127.0.0.1 at 2014-03-12 18:42:42 -0400


Started GET "/assets/site.js?body=1" for 127.0.0.1 at 2014-03-12 18:42:42 -0400


Started GET "/assets/application.js?body=1" for 127.0.0.1 at 2014-03-12 18:42:42 -0400


Started GET "/assets/jquery.min.js?body=1" for 127.0.0.1 at 2014-03-12 18:42:42 -0400


Started GET "/faq" for 127.0.0.1 at 2014-03-12 18:45:18 -0400
Processing by SiteController#faq as HTML
  Rendered site/faq.html.erb within layouts/application (0.0ms)
  Rendered site/_nav.html.erb (0.0ms)
Completed 200 OK in 130ms (Views: 129.1ms | ActiveRecord: 0.0ms)


Started GET "/assets/application.css?body=1" for 127.0.0.1 at 2014-03-12 18:45:18 -0400


Started GET "/assets/site.css?body=1" for 127.0.0.1 at 2014-03-12 18:45:18 -0400


Started GET "/assets/jquery.js?body=1" for 127.0.0.1 at 2014-03-12 18:45:18 -0400


Started GET "/assets/styles.css?body=1" for 127.0.0.1 at 2014-03-12 18:45:18 -0400


Started GET "/assets/faq.css?body=1" for 127.0.0.1 at 2014-03-12 18:45:18 -0400


Started GET "/assets/jquery_ujs.js?body=1" for 127.0.0.1 at 2014-03-12 18:45:18 -0400


Started GET "/assets/jquery.min.js?body=1" for 127.0.0.1 at 2014-03-12 18:45:18 -0400


Started GET "/assets/script.js?body=1" for 127.0.0.1 at 2014-03-12 18:45:18 -0400


Started GET "/assets/site.js?body=1" for 127.0.0.1 at 2014-03-12 18:45:18 -0400


Started GET "/assets/application.js?body=1" for 127.0.0.1 at 2014-03-12 18:45:18 -0400


Started GET "/" for 127.0.0.1 at 2014-03-12 18:45:22 -0400
Processing by SiteController#index as HTML
  Rendered site/index.html.erb within layouts/application (1.0ms)
  Rendered site/_nav.html.erb (0.0ms)
Completed 200 OK in 9ms (Views: 9.0ms | ActiveRecord: 0.0ms)


Started GET "/assets/application.css?body=1" for 127.0.0.1 at 2014-03-12 18:45:22 -0400


Started GET "/assets/faq.css?body=1" for 127.0.0.1 at 2014-03-12 18:45:23 -0400


Started GET "/assets/site.css?body=1" for 127.0.0.1 at 2014-03-12 18:45:23 -0400


Started GET "/assets/jquery.js?body=1" for 127.0.0.1 at 2014-03-12 18:45:23 -0400


Started GET "/assets/jquery_ujs.js?body=1" for 127.0.0.1 at 2014-03-12 18:45:23 -0400


Started GET "/assets/jquery.min.js?body=1" for 127.0.0.1 at 2014-03-12 18:45:23 -0400


Started GET "/assets/site.js?body=1" for 127.0.0.1 at 2014-03-12 18:45:23 -0400


Started GET "/assets/application.js?body=1" for 127.0.0.1 at 2014-03-12 18:45:23 -0400


Started GET "/" for 127.0.0.1 at 2014-03-12 18:45:52 -0400
Processing by SiteController#index as HTML
  Rendered site/index.html.erb within layouts/application (0.0ms)
  Rendered site/_nav.html.erb (0.0ms)
Completed 200 OK in 9ms (Views: 8.0ms | ActiveRecord: 0.0ms)


Started GET "/assets/application.css?body=1" for 127.0.0.1 at 2014-03-12 18:45:52 -0400


Started GET "/assets/faq.css?body=1" for 127.0.0.1 at 2014-03-12 18:45:52 -0400


Started GET "/assets/site.css?body=1" for 127.0.0.1 at 2014-03-12 18:45:52 -0400


Started GET "/assets/jquery.js?body=1" for 127.0.0.1 at 2014-03-12 18:45:52 -0400


Started GET "/assets/jquery_ujs.js?body=1" for 127.0.0.1 at 2014-03-12 18:45:52 -0400


Started GET "/assets/jquery.min.js?body=1" for 127.0.0.1 at 2014-03-12 18:45:52 -0400


Started GET "/assets/script.js?body=1" for 127.0.0.1 at 2014-03-12 18:45:53 -0400


Started GET "/assets/site.js?body=1" for 127.0.0.1 at 2014-03-12 18:45:53 -0400


Started GET "/assets/application.js?body=1" for 127.0.0.1 at 2014-03-12 18:45:53 -0400


Started GET "/" for 127.0.0.1 at 2014-03-12 18:49:18 -0400
Processing by SiteController#index as HTML
  Rendered site/index.html.erb within layouts/application (0.0ms)
  Rendered site/_nav.html.erb (0.0ms)
Completed 200 OK in 9ms (Views: 9.0ms | ActiveRecord: 0.0ms)


Started GET "/assets/application.css?body=1" for 127.0.0.1 at 2014-03-12 18:49:18 -0400


Started GET "/assets/styles.css?body=1" for 127.0.0.1 at 2014-03-12 18:49:18 -0400


Started GET "/assets/faq.css?body=1" for 127.0.0.1 at 2014-03-12 18:49:18 -0400


Started GET "/assets/site.css?body=1" for 127.0.0.1 at 2014-03-12 18:49:18 -0400


Started GET "/assets/jquery_ujs.js?body=1" for 127.0.0.1 at 2014-03-12 18:49:18 -0400


Started GET "/assets/jquery.js?body=1" for 127.0.0.1 at 2014-03-12 18:49:18 -0400


Started GET "/assets/jquery.min.js?body=1" for 127.0.0.1 at 2014-03-12 18:49:18 -0400


Started GET "/assets/script.js?body=1" for 127.0.0.1 at 2014-03-12 18:49:18 -0400


Started GET "/assets/site.js?body=1" for 127.0.0.1 at 2014-03-12 18:49:18 -0400


Started GET "/assets/application.js?body=1" for 127.0.0.1 at 2014-03-12 18:49:18 -0400


Started GET "/about" for 127.0.0.1 at 2014-03-12 18:49:22 -0400
Processing by SiteController#about as HTML
  Rendered site/about.html.erb within layouts/application (0.0ms)
  Rendered site/_nav.html.erb (0.0ms)
Completed 200 OK in 10ms (Views: 10.0ms | ActiveRecord: 0.0ms)


Started GET "/assets/application.css?body=1" for 127.0.0.1 at 2014-03-12 18:49:22 -0400


Started GET "/assets/faq.css?body=1" for 127.0.0.1 at 2014-03-12 18:49:22 -0400


Started GET "/assets/site.css?body=1" for 127.0.0.1 at 2014-03-12 18:49:22 -0400


Started GET "/assets/styles.css?body=1" for 127.0.0.1 at 2014-03-12 18:49:22 -0400


Started GET "/assets/jquery.js?body=1" for 127.0.0.1 at 2014-03-12 18:49:22 -0400


Started GET "/assets/jquery_ujs.js?body=1" for 127.0.0.1 at 2014-03-12 18:49:22 -0400


Started GET "/assets/jquery.min.js?body=1" for 127.0.0.1 at 2014-03-12 18:49:22 -0400


Started GET "/assets/script.js?body=1" for 127.0.0.1 at 2014-03-12 18:49:23 -0400


Started GET "/assets/site.js?body=1" for 127.0.0.1 at 2014-03-12 18:49:23 -0400


Started GET "/assets/application.js?body=1" for 127.0.0.1 at 2014-03-12 18:49:23 -0400


Started GET "/faq" for 127.0.0.1 at 2014-03-12 18:49:27 -0400
Processing by SiteController#faq as HTML
  Rendered site/faq.html.erb within layouts/application (0.0ms)
  Rendered site/_nav.html.erb (0.9ms)
Completed 200 OK in 8ms (Views: 7.9ms | ActiveRecord: 0.0ms)


Started GET "/assets/application.css?body=1" for 127.0.0.1 at 2014-03-12 18:49:27 -0400


Started GET "/assets/faq.css?body=1" for 127.0.0.1 at 2014-03-12 18:49:27 -0400


Started GET "/assets/site.css?body=1" for 127.0.0.1 at 2014-03-12 18:49:27 -0400


Started GET "/assets/styles.css?body=1" for 127.0.0.1 at 2014-03-12 18:49:27 -0400


Started GET "/assets/jquery.js?body=1" for 127.0.0.1 at 2014-03-12 18:49:27 -0400


Started GET "/assets/jquery_ujs.js?body=1" for 127.0.0.1 at 2014-03-12 18:49:27 -0400


Started GET "/assets/jquery.min.js?body=1" for 127.0.0.1 at 2014-03-12 18:49:27 -0400


Started GET "/assets/script.js?body=1" for 127.0.0.1 at 2014-03-12 18:49:27 -0400


Started GET "/assets/site.js?body=1" for 127.0.0.1 at 2014-03-12 18:49:28 -0400


Started GET "/assets/application.js?body=1" for 127.0.0.1 at 2014-03-12 18:49:28 -0400


Started GET "/faq" for 127.0.0.1 at 2014-03-12 18:49:58 -0400
Processing by SiteController#faq as HTML
  Rendered site/faq.html.erb within layouts/application (1.0ms)
  Rendered site/_nav.html.erb (1.0ms)
Completed 200 OK in 11ms (Views: 10.1ms | ActiveRecord: 0.0ms)


Started GET "/assets/faq.css?body=1" for 127.0.0.1 at 2014-03-12 18:49:58 -0400


Started GET "/assets/application.css?body=1" for 127.0.0.1 at 2014-03-12 18:49:58 -0400


Started GET "/assets/site.css?body=1" for 127.0.0.1 at 2014-03-12 18:49:58 -0400


Started GET "/assets/jquery.js?body=1" for 127.0.0.1 at 2014-03-12 18:49:58 -0400


Started GET "/assets/styles.css?body=1" for 127.0.0.1 at 2014-03-12 18:49:58 -0400


Started GET "/assets/jquery_ujs.js?body=1" for 127.0.0.1 at 2014-03-12 18:49:58 -0400


Started GET "/assets/jquery.min.js?body=1" for 127.0.0.1 at 2014-03-12 18:49:58 -0400


Started GET "/assets/script.js?body=1" for 127.0.0.1 at 2014-03-12 18:49:59 -0400


Started GET "/assets/site.js?body=1" for 127.0.0.1 at 2014-03-12 18:49:59 -0400


Started GET "/assets/application.js?body=1" for 127.0.0.1 at 2014-03-12 18:49:59 -0400


Started GET "/" for 127.0.0.1 at 2014-03-12 18:50:00 -0400
Processing by SiteController#index as HTML
  Rendered site/index.html.erb within layouts/application (0.0ms)
  Rendered site/_nav.html.erb (0.0ms)
Completed 200 OK in 9ms (Views: 9.0ms | ActiveRecord: 0.0ms)


Started GET "/assets/application.css?body=1" for 127.0.0.1 at 2014-03-12 18:50:00 -0400


Started GET "/assets/faq.css?body=1" for 127.0.0.1 at 2014-03-12 18:50:00 -0400


Started GET "/assets/site.css?body=1" for 127.0.0.1 at 2014-03-12 18:50:00 -0400


Started GET "/assets/styles.css?body=1" for 127.0.0.1 at 2014-03-12 18:50:00 -0400


Started GET "/assets/jquery.js?body=1" for 127.0.0.1 at 2014-03-12 18:50:00 -0400


Started GET "/assets/jquery_ujs.js?body=1" for 127.0.0.1 at 2014-03-12 18:50:00 -0400


Started GET "/assets/jquery.min.js?body=1" for 127.0.0.1 at 2014-03-12 18:50:00 -0400


Started GET "/assets/script.js?body=1" for 127.0.0.1 at 2014-03-12 18:50:01 -0400


Started GET "/assets/site.js?body=1" for 127.0.0.1 at 2014-03-12 18:50:01 -0400


Started GET "/assets/application.js?body=1" for 127.0.0.1 at 2014-03-12 18:50:01 -0400


Started GET "/" for 127.0.0.1 at 2014-03-12 18:50:04 -0400
Processing by SiteController#index as HTML
  Rendered site/index.html.erb within layouts/application (0.0ms)
  Rendered site/_nav.html.erb (1.0ms)
Completed 200 OK in 8ms (Views: 8.0ms | ActiveRecord: 0.0ms)


Started GET "/assets/application.css?body=1" for 127.0.0.1 at 2014-03-12 18:50:04 -0400


Started GET "/assets/faq.css?body=1" for 127.0.0.1 at 2014-03-12 18:50:04 -0400


Started GET "/assets/site.css?body=1" for 127.0.0.1 at 2014-03-12 18:50:04 -0400


Started GET "/assets/styles.css?body=1" for 127.0.0.1 at 2014-03-12 18:50:04 -0400


Started GET "/assets/jquery.js?body=1" for 127.0.0.1 at 2014-03-12 18:50:04 -0400


Started GET "/assets/jquery_ujs.js?body=1" for 127.0.0.1 at 2014-03-12 18:50:04 -0400


Started GET "/assets/jquery.min.js?body=1" for 127.0.0.1 at 2014-03-12 18:50:04 -0400


Started GET "/assets/script.js?body=1" for 127.0.0.1 at 2014-03-12 18:50:05 -0400


Started GET "/assets/site.js?body=1" for 127.0.0.1 at 2014-03-12 18:50:05 -0400


Started GET "/assets/application.js?body=1" for 127.0.0.1 at 2014-03-12 18:50:05 -0400


Started GET "/faq" for 127.0.0.1 at 2014-03-12 18:50:09 -0400
Processing by SiteController#faq as HTML
  Rendered site/faq.html.erb within layouts/application (0.0ms)
  Rendered site/_nav.html.erb (1.0ms)
Completed 200 OK in 10ms (Views: 9.0ms | ActiveRecord: 0.0ms)


Started GET "/assets/application.css?body=1" for 127.0.0.1 at 2014-03-12 18:50:09 -0400


Started GET "/assets/faq.css?body=1" for 127.0.0.1 at 2014-03-12 18:50:09 -0400


Started GET "/assets/site.css?body=1" for 127.0.0.1 at 2014-03-12 18:50:09 -0400


Started GET "/assets/styles.css?body=1" for 127.0.0.1 at 2014-03-12 18:50:09 -0400


Started GET "/assets/jquery.js?body=1" for 127.0.0.1 at 2014-03-12 18:50:09 -0400


Started GET "/assets/jquery_ujs.js?body=1" for 127.0.0.1 at 2014-03-12 18:50:09 -0400


Started GET "/assets/jquery.min.js?body=1" for 127.0.0.1 at 2014-03-12 18:50:10 -0400


Started GET "/assets/script.js?body=1" for 127.0.0.1 at 2014-03-12 18:50:10 -0400


Started GET "/assets/site.js?body=1" for 127.0.0.1 at 2014-03-12 18:50:10 -0400


Started GET "/assets/application.js?body=1" for 127.0.0.1 at 2014-03-12 18:50:10 -0400


Started GET "/" for 127.0.0.1 at 2014-03-12 18:50:24 -0400
Processing by SiteController#index as HTML
  Rendered site/index.html.erb within layouts/application (0.0ms)
  Rendered site/_nav.html.erb (0.0ms)
Completed 200 OK in 8ms (Views: 8.0ms | ActiveRecord: 0.0ms)


Started GET "/assets/application.css?body=1" for 127.0.0.1 at 2014-03-12 18:50:24 -0400


Started GET "/assets/faq.css?body=1" for 127.0.0.1 at 2014-03-12 18:50:25 -0400


Started GET "/assets/site.css?body=1" for 127.0.0.1 at 2014-03-12 18:50:25 -0400


Started GET "/assets/styles.css?body=1" for 127.0.0.1 at 2014-03-12 18:50:25 -0400


Started GET "/assets/jquery.js?body=1" for 127.0.0.1 at 2014-03-12 18:50:25 -0400


Started GET "/assets/jquery_ujs.js?body=1" for 127.0.0.1 at 2014-03-12 18:50:25 -0400


Started GET "/assets/jquery.min.js?body=1" for 127.0.0.1 at 2014-03-12 18:50:25 -0400


Started GET "/assets/script.js?body=1" for 127.0.0.1 at 2014-03-12 18:50:25 -0400


Started GET "/assets/site.js?body=1" for 127.0.0.1 at 2014-03-12 18:50:25 -0400


Started GET "/assets/application.js?body=1" for 127.0.0.1 at 2014-03-12 18:50:25 -0400


Started GET "/" for 127.0.0.1 at 2014-03-12 18:53:48 -0400
Processing by SiteController#index as HTML
  Rendered site/index.html.erb within layouts/application (4.1ms)
  Rendered site/_nav.html.erb (1.0ms)
Completed 200 OK in 117ms (Views: 96.0ms | ActiveRecord: 0.0ms)


Started GET "/assets/styles.css?body=1" for 127.0.0.1 at 2014-03-12 18:53:49 -0400


Started GET "/assets/application.css?body=1" for 127.0.0.1 at 2014-03-12 18:53:49 -0400


Started GET "/assets/jquery.js?body=1" for 127.0.0.1 at 2014-03-12 18:53:49 -0400


Started GET "/assets/faq.css?body=1" for 127.0.0.1 at 2014-03-12 18:53:49 -0400


Started GET "/assets/site.css?body=1" for 127.0.0.1 at 2014-03-12 18:53:49 -0400


Started GET "/assets/jquery_ujs.js?body=1" for 127.0.0.1 at 2014-03-12 18:53:49 -0400


Started GET "/assets/jquery.min.js?body=1" for 127.0.0.1 at 2014-03-12 18:53:49 -0400


Started GET "/assets/site.js?body=1" for 127.0.0.1 at 2014-03-12 18:53:49 -0400


Started GET "/assets/script.js?body=1" for 127.0.0.1 at 2014-03-12 18:53:49 -0400


Started GET "/assets/application.js?body=1" for 127.0.0.1 at 2014-03-12 18:53:49 -0400


Started GET "/about" for 127.0.0.1 at 2014-03-12 18:53:53 -0400
Processing by SiteController#about as HTML
  Rendered site/about.html.erb within layouts/application (0.0ms)
  Rendered site/_nav.html.erb (0.0ms)
Completed 200 OK in 11ms (Views: 10.0ms | ActiveRecord: 0.0ms)


Started GET "/assets/application.css?body=1" for 127.0.0.1 at 2014-03-12 18:53:53 -0400


Started GET "/assets/faq.css?body=1" for 127.0.0.1 at 2014-03-12 18:53:54 -0400


Started GET "/assets/site.css?body=1" for 127.0.0.1 at 2014-03-12 18:53:54 -0400


Started GET "/assets/styles.css?body=1" for 127.0.0.1 at 2014-03-12 18:53:54 -0400


Started GET "/assets/jquery.js?body=1" for 127.0.0.1 at 2014-03-12 18:53:54 -0400


Started GET "/assets/jquery_ujs.js?body=1" for 127.0.0.1 at 2014-03-12 18:53:54 -0400


Started GET "/assets/script.js?body=1" for 127.0.0.1 at 2014-03-12 18:53:54 -0400


Started GET "/assets/site.js?body=1" for 127.0.0.1 at 2014-03-12 18:53:54 -0400


Started GET "/assets/application.js?body=1" for 127.0.0.1 at 2014-03-12 18:53:54 -0400


Started GET "/faq" for 127.0.0.1 at 2014-03-12 18:53:56 -0400
Processing by SiteController#faq as HTML
  Rendered site/faq.html.erb within layouts/application (0.0ms)
  Rendered site/_nav.html.erb (0.0ms)
Completed 200 OK in 11ms (Views: 10.0ms | ActiveRecord: 0.0ms)


Started GET "/assets/application.css?body=1" for 127.0.0.1 at 2014-03-12 18:53:56 -0400


Started GET "/assets/faq.css?body=1" for 127.0.0.1 at 2014-03-12 18:53:56 -0400


Started GET "/assets/site.css?body=1" for 127.0.0.1 at 2014-03-12 18:53:56 -0400


Started GET "/assets/styles.css?body=1" for 127.0.0.1 at 2014-03-12 18:53:56 -0400


Started GET "/assets/jquery.js?body=1" for 127.0.0.1 at 2014-03-12 18:53:56 -0400


Started GET "/assets/jquery_ujs.js?body=1" for 127.0.0.1 at 2014-03-12 18:53:56 -0400


Started GET "/assets/script.js?body=1" for 127.0.0.1 at 2014-03-12 18:53:56 -0400


Started GET "/assets/site.js?body=1" for 127.0.0.1 at 2014-03-12 18:53:56 -0400


Started GET "/assets/application.js?body=1" for 127.0.0.1 at 2014-03-12 18:53:56 -0400


Started GET "/" for 127.0.0.1 at 2014-03-12 18:54:01 -0400
Processing by SiteController#index as HTML
  Rendered site/index.html.erb within layouts/application (0.0ms)
  Rendered site/_nav.html.erb (0.0ms)
Completed 200 OK in 10ms (Views: 9.0ms | ActiveRecord: 0.0ms)


Started GET "/assets/application.css?body=1" for 127.0.0.1 at 2014-03-12 18:54:01 -0400


Started GET "/assets/faq.css?body=1" for 127.0.0.1 at 2014-03-12 18:54:01 -0400


Started GET "/assets/site.css?body=1" for 127.0.0.1 at 2014-03-12 18:54:01 -0400


Started GET "/assets/styles.css?body=1" for 127.0.0.1 at 2014-03-12 18:54:01 -0400


Started GET "/assets/jquery.js?body=1" for 127.0.0.1 at 2014-03-12 18:54:01 -0400


Started GET "/assets/jquery_ujs.js?body=1" for 127.0.0.1 at 2014-03-12 18:54:01 -0400


Started GET "/assets/script.js?body=1" for 127.0.0.1 at 2014-03-12 18:54:01 -0400


Started GET "/assets/site.js?body=1" for 127.0.0.1 at 2014-03-12 18:54:02 -0400


Started GET "/assets/application.js?body=1" for 127.0.0.1 at 2014-03-12 18:54:02 -0400
